#
# A fatal error has been detected by the Java Runtime Environment:
#
#  SIGBUS (0xa) at pc=0x0000000101d5eeb9, pid=926, tid=21543
#
# JRE version: Java(TM) SE Runtime Environment (8.0_65-b17) (build 1.8.0_65-b17)
# Java VM: Java HotSpot(TM) 64-Bit Server VM (25.65-b01 mixed mode bsd-amd64 compressed oops)
# Problematic frame:
# C  [libzip.dylib+0x2eb9]  newEntry+0x154
#
# Failed to write core dump. Core dumps have been disabled. To enable core dumping, try "ulimit -c unlimited" before starting Java again
#
# If you would like to submit a bug report, please visit:
#   http://bugreport.java.com/bugreport/crash.jsp
# The crash happened outside the Java Virtual Machine in native code.
# See problematic frame for where to report the bug.
#

---------------  T H R E A D  ---------------

Current thread (0x00007f86b4fc6800):  JavaThread "Daemon worker Thread 8" [_thread_in_native, id=21543, stack(0x00000001191b6000,0x00000001192b6000)]

siginfo: si_signo: 10 (SIGBUS), si_code: 2 (BUS_ADRERR), si_addr: 0x000000011800dd4a

Registers:
RAX=0x00007f86b0615020, RBX=0x000000011800dd3e, RCX=0x0000000000000001, RDX=0x0000000000000908
RSP=0x00000001192b25e0, RBP=0x00000001192b2640, RSI=0x00007f86b2f00000, RDI=0x0000000100c8ea00
R8 =0x0000000000000004, R9 =0x00000000fffff800, R10=0x00000000826ecd05, R11=0x00007f86b2f00000
R12=0x00007f86b183c600, R13=0x00000000000005d0, R14=0x00000000dd2b4331, R15=0x00007f86b2c5b690
RIP=0x0000000101d5eeb9, EFLAGS=0x0000000000010202, ERR=0x0000000000000004
  TRAPNO=0x000000000000000e

Top of Stack: (sp=0x00000001192b25e0)
0x00000001192b25e0:   0000002f00000000 0000000000fc6800
0x00000001192b25f0:   00000001192b263e 00000001192b2a88
0x00000001192b2600:   00000001192b2620 00007f86b0615020
0x00000001192b2610:   00007f86b2f95660 00007f86b0615020
0x00000001192b2620:   00007f86b183c600 00000000000005d0
0x00000001192b2630:   00000000dd2b4331 00007f86b2c5b690
0x00000001192b2640:   00000001192b26a0 0000000101d5f554
0x00000001192b2650:   00000001192b26ee 00000001192b26ed
0x00000001192b2660:   0000002e00000000 0000002f01fc6800
0x00000001192b2670:   00000001192b26be 00000001192b2b08
0x00000001192b2680:   000000000000002f 00000001192b26be
0x00000001192b2690:   00007f86b0615020 00007f86b4fc69f8
0x00000001192b26a0:   00000001192b2af0 0000000101d5e34f
0x00000001192b26b0:   0000000000000037 726f000100000001
0x00000001192b26c0:   656c646172672f67 616e7265746e692f
0x00000001192b26d0:   7470656378652f6c 6e6f432f736e6f69
0x00000001192b26e0:   2e6c617574786574 0000007373616c63
0x00000001192b26f0:   00000001145ecb18 0000000000000001
0x00000001192b2700:   00000000fffffff5 000000011451a120
0x00000001192b2710:   00000001192b2a40 0000000101138705
0x00000001192b2720:   00007f86b4fc6800 00000001192b39f8
0x00000001192b2730:   00000001192b2790 00007fff82213d3d
0x00000001192b2740:   00007f86b0488dd0 00000001192b2928
0x00000001192b2750:   0000000000000001 0000000101379fb8
0x00000001192b2760:   00000001192b2908 00000000ffffffc4
0x00000001192b2770:   000000000000003c 00000001192b2908
0x00000001192b2780:   0000000101379fba 00000000ffffffc4
0x00000001192b2790:   00000001192b2bc0 00007fff8221dfe6
0x00000001192b27a0:   0000000000000000 00000001192b2938
0x00000001192b27b0:   000000010134c799 0000000000000001
0x00000001192b27c0:   00000001192b2bf0 00007fff8221e06d
0x00000001192b27d0:   0000000000000000 0000000000000037 

Instructions: (pc=0x0000000101d5eeb9)
0x0000000101d5ee99:   49 8b 7f 38 e8 50 1b 00 00 4d 89 77 38 49 89 5f
0x0000000101d5eea9:   40 4c 89 f0 48 85 c0 0f 84 11 05 00 00 48 89 c3
0x0000000101d5eeb9:   0f b6 43 0c 0f b6 4b 0d 48 c1 e1 08 48 01 c1 0f
0x0000000101d5eec9:   b6 43 0e 0f b6 53 0f 48 c1 e2 08 48 01 c2 48 c1 

Register to memory mapping:

RAX=0x00007f86b0615020 is an unknown value
RBX=0x000000011800dd3e is an unknown value
RCX=0x0000000000000001 is an unknown value
RDX=0x0000000000000908 is an unknown value
RSP=0x00000001192b25e0 is pointing into the stack for thread: 0x00007f86b4fc6800
RBP=0x00000001192b2640 is pointing into the stack for thread: 0x00007f86b4fc6800
RSI=0x00007f86b2f00000 is an unknown value
RDI=0x0000000100c8ea00 is an unknown value
R8 =0x0000000000000004 is an unknown value
R9 =0x00000000fffff800 is an unknown value
R10=0x00000000826ecd05 is an unknown value
R11=0x00007f86b2f00000 is an unknown value
R12=0x00007f86b183c600 is an unknown value
R13=0x00000000000005d0 is an unknown value
R14=0x00000000dd2b4331 is an unknown value
R15=0x00007f86b2c5b690 is an unknown value


Stack: [0x00000001191b6000,0x00000001192b6000],  sp=0x00000001192b25e0,  free space=1009k
Native frames: (J=compiled Java code, j=interpreted, Vv=VM code, C=native code)
C  [libzip.dylib+0x2eb9]  newEntry+0x154
C  [libzip.dylib+0x3554]  ZIP_GetEntry2+0xd4
C  [libzip.dylib+0x234f]  Java_java_util_zip_ZipFile_getEntry+0xcf
J 215  java.util.zip.ZipFile.getEntry(J[BZ)J (0 bytes) @ 0x000000010288cbce [0x000000010288cb00+0xce]
J 11591 C2 sun.misc.URLClassPath.getResource(Ljava/lang/String;Z)Lsun/misc/Resource; (83 bytes) @ 0x000000010329dc6c [0x000000010329d440+0x82c]
J 10138 C2 java.net.URLClassLoader$1.run()Ljava/lang/Class; (63 bytes) @ 0x00000001045309f8 [0x0000000104530500+0x4f8]
J 1784 C2 java.net.URLClassLoader$1.run()Ljava/lang/Object; (5 bytes) @ 0x0000000102cd1b14 [0x0000000102cd1ae0+0x34]
v  ~StubRoutines::call_stub
V  [libjvm.dylib+0x2eab02]
V  [libjvm.dylib+0x34afcc]
J 304  java.security.AccessController.doPrivileged(Ljava/security/PrivilegedExceptionAction;Ljava/security/AccessControlContext;)Ljava/lang/Object; (0 bytes) @ 0x00000001028b9ad5 [0x00000001028b9a00+0xd5]
J 1172 C2 java.net.URLClassLoader.findClass(Ljava/lang/String;)Ljava/lang/Class; (47 bytes) @ 0x0000000102b07bbc [0x0000000102b07b20+0x9c]
J 1072 C2 java.lang.ClassLoader.loadClass(Ljava/lang/String;Z)Ljava/lang/Class; (122 bytes) @ 0x0000000102ad5998 [0x0000000102ad5620+0x378]
J 1949 C2 java.lang.ClassLoader.loadClass(Ljava/lang/String;)Ljava/lang/Class; (7 bytes) @ 0x0000000102d389e0 [0x0000000102d389a0+0x40]
v  ~StubRoutines::call_stub
V  [libjvm.dylib+0x2eab02]
V  [libjvm.dylib+0x2eb290]
V  [libjvm.dylib+0x2eb3e8]
V  [libjvm.dylib+0x533640]
V  [libjvm.dylib+0x532dd9]
V  [libjvm.dylib+0x53385c]
V  [libjvm.dylib+0x533ed9]
V  [libjvm.dylib+0x1e17aa]
V  [libjvm.dylib+0x1f1a6e]
V  [libjvm.dylib+0x2e65c5]
j  org.gradle.initialization.DefaultExceptionAnalyser.findDeepestRootException(Ljava/lang/Throwable;)Ljava/lang/Throwable;+61
j  org.gradle.initialization.DefaultExceptionAnalyser.transform(Ljava/lang/Throwable;)Ljava/lang/Throwable;+2
j  org.gradle.initialization.MultipleBuildFailuresExceptionAnalyser.transform(Ljava/lang/Throwable;)Ljava/lang/Throwable;+90
j  org.gradle.initialization.StackTraceSanitizingExceptionAnalyser.transform(Ljava/lang/Throwable;)Ljava/lang/Throwable;+5
j  org.gradle.initialization.DefaultGradleLauncher.doBuild(Lorg/gradle/initialization/DefaultGradleLauncher$Stage;)Lorg/gradle/BuildResult;+39
j  org.gradle.initialization.DefaultGradleLauncher.run()Lorg/gradle/BuildResult;+4
j  org.gradle.launcher.exec.InProcessBuildActionExecuter$DefaultBuildController.run()Lorg/gradle/api/internal/GradleInternal;+5
j  org.gradle.tooling.internal.provider.runner.BuildModelActionRunner.run(Lorg/gradle/internal/invocation/BuildAction;Lorg/gradle/internal/invocation/BuildController;)V+72
j  org.gradle.launcher.exec.ChainingBuildActionRunner.run(Lorg/gradle/internal/invocation/BuildAction;Lorg/gradle/internal/invocation/BuildController;)V+34
j  org.gradle.launcher.exec.InProcessBuildActionExecuter.execute(Lorg/gradle/internal/invocation/BuildAction;Lorg/gradle/initialization/BuildRequestContext;Lorg/gradle/launcher/exec/BuildActionParameters;)Ljava/lang/Object;+39
j  org.gradle.launcher.exec.InProcessBuildActionExecuter.execute(Lorg/gradle/internal/invocation/BuildAction;Lorg/gradle/initialization/BuildRequestContext;Ljava/lang/Object;)Ljava/lang/Object;+7
j  org.gradle.launcher.daemon.server.exec.ExecuteBuild.doBuild(Lorg/gradle/launcher/daemon/server/api/DaemonCommandExecution;Lorg/gradle/launcher/daemon/protocol/Build;)V+70
j  org.gradle.launcher.daemon.server.exec.BuildCommandOnly.execute(Lorg/gradle/launcher/daemon/server/api/DaemonCommandExecution;)V+49
j  org.gradle.launcher.daemon.server.api.DaemonCommandExecution.proceed()Z+28
j  org.gradle.launcher.daemon.server.exec.WatchForDisconnection.execute(Lorg/gradle/launcher/daemon/server/api/DaemonCommandExecution;)V+19
j  org.gradle.launcher.daemon.server.api.DaemonCommandExecution.proceed()Z+28
j  org.gradle.launcher.daemon.server.exec.ResetDeprecationLogger.execute(Lorg/gradle/launcher/daemon/server/api/DaemonCommandExecution;)V+4
j  org.gradle.launcher.daemon.server.api.DaemonCommandExecution.proceed()Z+28
j  org.gradle.launcher.daemon.server.exec.RequestStopIfSingleUsedDaemon.execute(Lorg/gradle/launcher/daemon/server/api/DaemonCommandExecution;)V+31
j  org.gradle.launcher.daemon.server.api.DaemonCommandExecution.proceed()Z+28
j  org.gradle.launcher.daemon.server.exec.ForwardClientInput$2.call()Ljava/lang/Void;+4
j  org.gradle.launcher.daemon.server.exec.ForwardClientInput$2.call()Ljava/lang/Object;+1
j  org.gradle.util.Swapper.swap(Ljava/lang/Object;Ljava/util/concurrent/Callable;)Ljava/lang/Object;+21
j  org.gradle.launcher.daemon.server.exec.ForwardClientInput.execute(Lorg/gradle/launcher/daemon/server/api/DaemonCommandExecution;)V+63
j  org.gradle.launcher.daemon.server.api.DaemonCommandExecution.proceed()Z+28
j  org.gradle.launcher.daemon.server.health.DaemonHealthTracker.execute(Lorg/gradle/launcher/daemon/server/api/DaemonCommandExecution;)V+35
j  org.gradle.launcher.daemon.server.api.DaemonCommandExecution.proceed()Z+28
j  org.gradle.launcher.daemon.server.exec.LogToClient.doBuild(Lorg/gradle/launcher/daemon/server/api/DaemonCommandExecution;Lorg/gradle/launcher/daemon/protocol/Build;)V+106
j  org.gradle.launcher.daemon.server.exec.BuildCommandOnly.execute(Lorg/gradle/launcher/daemon/server/api/DaemonCommandExecution;)V+49
j  org.gradle.launcher.daemon.server.api.DaemonCommandExecution.proceed()Z+28
j  org.gradle.launcher.daemon.server.exec.EstablishBuildEnvironment.doBuild(Lorg/gradle/launcher/daemon/server/api/DaemonCommandExecution;Lorg/gradle/launcher/daemon/protocol/Build;)V+243
j  org.gradle.launcher.daemon.server.exec.BuildCommandOnly.execute(Lorg/gradle/launcher/daemon/server/api/DaemonCommandExecution;)V+49
j  org.gradle.launcher.daemon.server.api.DaemonCommandExecution.proceed()Z+28
j  org.gradle.launcher.daemon.server.health.HintGCAfterBuild.execute(Lorg/gradle/launcher/daemon/server/api/DaemonCommandExecution;)V+1
j  org.gradle.launcher.daemon.server.api.DaemonCommandExecution.proceed()Z+28
j  org.gradle.launcher.daemon.server.exec.StartBuildOrRespondWithBusy$1.run()V+44
j  org.gradle.launcher.daemon.server.DaemonStateCoordinator$1.run()V+4
j  org.gradle.internal.concurrent.ExecutorPolicy$CatchAndRecordFailures.onExecute(Ljava/lang/Runnable;)V+1
j  org.gradle.internal.concurrent.StoppableExecutorImpl$1.run()V+25
j  java.util.concurrent.ThreadPoolExecutor.runWorker(Ljava/util/concurrent/ThreadPoolExecutor$Worker;)V+95
j  java.util.concurrent.ThreadPoolExecutor$Worker.run()V+5
j  java.lang.Thread.run()V+11
v  ~StubRoutines::call_stub
V  [libjvm.dylib+0x2eab02]
V  [libjvm.dylib+0x2eb290]
V  [libjvm.dylib+0x2eb43c]
V  [libjvm.dylib+0x345959]
V  [libjvm.dylib+0x5612d3]
V  [libjvm.dylib+0x5629ce]
V  [libjvm.dylib+0x48342e]
C  [libsystem_pthread.dylib+0x3268]  _pthread_body+0x83
C  [libsystem_pthread.dylib+0x31e5]  _pthread_body+0x0
C  [libsystem_pthread.dylib+0x141d]  thread_start+0xd
C  0x0000000000000000

Java frames: (J=compiled Java code, j=interpreted, Vv=VM code)
J 215  java.util.zip.ZipFile.getEntry(J[BZ)J (0 bytes) @ 0x000000010288cb58 [0x000000010288cb00+0x58]
J 11591 C2 sun.misc.URLClassPath.getResource(Ljava/lang/String;Z)Lsun/misc/Resource; (83 bytes) @ 0x000000010329dc6c [0x000000010329d440+0x82c]
J 10138 C2 java.net.URLClassLoader$1.run()Ljava/lang/Class; (63 bytes) @ 0x00000001045309f8 [0x0000000104530500+0x4f8]
J 1784 C2 java.net.URLClassLoader$1.run()Ljava/lang/Object; (5 bytes) @ 0x0000000102cd1b14 [0x0000000102cd1ae0+0x34]
v  ~StubRoutines::call_stub
J 304  java.security.AccessController.doPrivileged(Ljava/security/PrivilegedExceptionAction;Ljava/security/AccessControlContext;)Ljava/lang/Object; (0 bytes) @ 0x00000001028b9a63 [0x00000001028b9a00+0x63]
J 1172 C2 java.net.URLClassLoader.findClass(Ljava/lang/String;)Ljava/lang/Class; (47 bytes) @ 0x0000000102b07bbc [0x0000000102b07b20+0x9c]
J 1072 C2 java.lang.ClassLoader.loadClass(Ljava/lang/String;Z)Ljava/lang/Class; (122 bytes) @ 0x0000000102ad5998 [0x0000000102ad5620+0x378]
J 1949 C2 java.lang.ClassLoader.loadClass(Ljava/lang/String;)Ljava/lang/Class; (7 bytes) @ 0x0000000102d389e0 [0x0000000102d389a0+0x40]
v  ~StubRoutines::call_stub
j  org.gradle.initialization.DefaultExceptionAnalyser.findDeepestRootException(Ljava/lang/Throwable;)Ljava/lang/Throwable;+61
j  org.gradle.initialization.DefaultExceptionAnalyser.transform(Ljava/lang/Throwable;)Ljava/lang/Throwable;+2
j  org.gradle.initialization.MultipleBuildFailuresExceptionAnalyser.transform(Ljava/lang/Throwable;)Ljava/lang/Throwable;+90
j  org.gradle.initialization.StackTraceSanitizingExceptionAnalyser.transform(Ljava/lang/Throwable;)Ljava/lang/Throwable;+5
j  org.gradle.initialization.DefaultGradleLauncher.doBuild(Lorg/gradle/initialization/DefaultGradleLauncher$Stage;)Lorg/gradle/BuildResult;+39
j  org.gradle.initialization.DefaultGradleLauncher.run()Lorg/gradle/BuildResult;+4
j  org.gradle.launcher.exec.InProcessBuildActionExecuter$DefaultBuildController.run()Lorg/gradle/api/internal/GradleInternal;+5
j  org.gradle.tooling.internal.provider.runner.BuildModelActionRunner.run(Lorg/gradle/internal/invocation/BuildAction;Lorg/gradle/internal/invocation/BuildController;)V+72
j  org.gradle.launcher.exec.ChainingBuildActionRunner.run(Lorg/gradle/internal/invocation/BuildAction;Lorg/gradle/internal/invocation/BuildController;)V+34
j  org.gradle.launcher.exec.InProcessBuildActionExecuter.execute(Lorg/gradle/internal/invocation/BuildAction;Lorg/gradle/initialization/BuildRequestContext;Lorg/gradle/launcher/exec/BuildActionParameters;)Ljava/lang/Object;+39
j  org.gradle.launcher.exec.InProcessBuildActionExecuter.execute(Lorg/gradle/internal/invocation/BuildAction;Lorg/gradle/initialization/BuildRequestContext;Ljava/lang/Object;)Ljava/lang/Object;+7
j  org.gradle.launcher.daemon.server.exec.ExecuteBuild.doBuild(Lorg/gradle/launcher/daemon/server/api/DaemonCommandExecution;Lorg/gradle/launcher/daemon/protocol/Build;)V+70
j  org.gradle.launcher.daemon.server.exec.BuildCommandOnly.execute(Lorg/gradle/launcher/daemon/server/api/DaemonCommandExecution;)V+49
j  org.gradle.launcher.daemon.server.api.DaemonCommandExecution.proceed()Z+28
j  org.gradle.launcher.daemon.server.exec.WatchForDisconnection.execute(Lorg/gradle/launcher/daemon/server/api/DaemonCommandExecution;)V+19
j  org.gradle.launcher.daemon.server.api.DaemonCommandExecution.proceed()Z+28
j  org.gradle.launcher.daemon.server.exec.ResetDeprecationLogger.execute(Lorg/gradle/launcher/daemon/server/api/DaemonCommandExecution;)V+4
j  org.gradle.launcher.daemon.server.api.DaemonCommandExecution.proceed()Z+28
j  org.gradle.launcher.daemon.server.exec.RequestStopIfSingleUsedDaemon.execute(Lorg/gradle/launcher/daemon/server/api/DaemonCommandExecution;)V+31
j  org.gradle.launcher.daemon.server.api.DaemonCommandExecution.proceed()Z+28
j  org.gradle.launcher.daemon.server.exec.ForwardClientInput$2.call()Ljava/lang/Void;+4
j  org.gradle.launcher.daemon.server.exec.ForwardClientInput$2.call()Ljava/lang/Object;+1
j  org.gradle.util.Swapper.swap(Ljava/lang/Object;Ljava/util/concurrent/Callable;)Ljava/lang/Object;+21
j  org.gradle.launcher.daemon.server.exec.ForwardClientInput.execute(Lorg/gradle/launcher/daemon/server/api/DaemonCommandExecution;)V+63
j  org.gradle.launcher.daemon.server.api.DaemonCommandExecution.proceed()Z+28
j  org.gradle.launcher.daemon.server.health.DaemonHealthTracker.execute(Lorg/gradle/launcher/daemon/server/api/DaemonCommandExecution;)V+35
j  org.gradle.launcher.daemon.server.api.DaemonCommandExecution.proceed()Z+28
j  org.gradle.launcher.daemon.server.exec.LogToClient.doBuild(Lorg/gradle/launcher/daemon/server/api/DaemonCommandExecution;Lorg/gradle/launcher/daemon/protocol/Build;)V+106
j  org.gradle.launcher.daemon.server.exec.BuildCommandOnly.execute(Lorg/gradle/launcher/daemon/server/api/DaemonCommandExecution;)V+49
j  org.gradle.launcher.daemon.server.api.DaemonCommandExecution.proceed()Z+28
j  org.gradle.launcher.daemon.server.exec.EstablishBuildEnvironment.doBuild(Lorg/gradle/launcher/daemon/server/api/DaemonCommandExecution;Lorg/gradle/launcher/daemon/protocol/Build;)V+243
j  org.gradle.launcher.daemon.server.exec.BuildCommandOnly.execute(Lorg/gradle/launcher/daemon/server/api/DaemonCommandExecution;)V+49
j  org.gradle.launcher.daemon.server.api.DaemonCommandExecution.proceed()Z+28
j  org.gradle.launcher.daemon.server.health.HintGCAfterBuild.execute(Lorg/gradle/launcher/daemon/server/api/DaemonCommandExecution;)V+1
j  org.gradle.launcher.daemon.server.api.DaemonCommandExecution.proceed()Z+28
j  org.gradle.launcher.daemon.server.exec.StartBuildOrRespondWithBusy$1.run()V+44
j  org.gradle.launcher.daemon.server.DaemonStateCoordinator$1.run()V+4
j  org.gradle.internal.concurrent.ExecutorPolicy$CatchAndRecordFailures.onExecute(Ljava/lang/Runnable;)V+1
j  org.gradle.internal.concurrent.StoppableExecutorImpl$1.run()V+25
j  java.util.concurrent.ThreadPoolExecutor.runWorker(Ljava/util/concurrent/ThreadPoolExecutor$Worker;)V+95
j  java.util.concurrent.ThreadPoolExecutor$Worker.run()V+5
j  java.lang.Thread.run()V+11
v  ~StubRoutines::call_stub

---------------  P R O C E S S  ---------------

Java Threads: ( => current thread )
  0x00007f86b42ac000 JavaThread "Stdin handler" [_thread_blocked, id=34615, stack(0x00000001192b9000,0x00000001193b9000)]
=>0x00007f86b4fc6800 JavaThread "Daemon worker Thread 8" [_thread_in_native, id=21543, stack(0x00000001191b6000,0x00000001192b6000)]
  0x00007f86b4383000 JavaThread "Cancel handler" [_thread_blocked, id=32563, stack(0x0000000118ead000,0x0000000118fad000)]
  0x00007f86b41e8800 JavaThread "Handler for socket connection from /127.0.0.1:50530 to /127.0.0.1:56896" [_thread_in_native, id=39479, stack(0x0000000118baa000,0x0000000118caa000)]
  0x00007f86b42ae800 JavaThread "Daemon Thread 8" [_thread_blocked, id=15935, stack(0x00000001188f4000,0x00000001189f4000)]
  0x00007f86b1b20000 JavaThread "File lock request listener" [_thread_in_native, id=22275, stack(0x0000000119aee000,0x0000000119bee000)]
  0x00007f86b12df000 JavaThread "Incoming local TCP Connector on port 50530" [_thread_in_native, id=19203, stack(0x0000000118aa7000,0x0000000118ba7000)]
  0x00007f86b2000000 JavaThread "Service Thread" daemon [_thread_blocked, id=18179, stack(0x0000000117dc7000,0x0000000117ec7000)]
  0x00007f86b081a800 JavaThread "C1 CompilerThread2" daemon [_thread_blocked, id=17667, stack(0x0000000117cc4000,0x0000000117dc4000)]
  0x00007f86b0819800 JavaThread "C2 CompilerThread1" daemon [_thread_blocked, id=17155, stack(0x0000000117bc1000,0x0000000117cc1000)]
  0x00007f86b080a800 JavaThread "C2 CompilerThread0" daemon [_thread_blocked, id=16643, stack(0x0000000117abe000,0x0000000117bbe000)]
  0x00007f86b1069000 JavaThread "Signal Dispatcher" daemon [_thread_blocked, id=13331, stack(0x00000001179bb000,0x0000000117abb000)]
  0x00007f86b0814000 JavaThread "Finalizer" daemon [_thread_blocked, id=11523, stack(0x0000000116078000,0x0000000116178000)]
  0x00007f86b0813000 JavaThread "Reference Handler" daemon [_thread_blocked, id=11011, stack(0x0000000115f75000,0x0000000116075000)]
  0x00007f86b2001800 JavaThread "main" [_thread_blocked, id=4867, stack(0x0000000102601000,0x0000000102701000)]

Other Threads:
  0x00007f86b105e000 VMThread [stack: 0x0000000115e72000,0x0000000115f72000] [id=10499]
  0x00007f86b1801000 WatcherThread [stack: 0x0000000117eca000,0x0000000117fca000] [id=18691]

VM state:not at safepoint (normal execution)

VM Mutex/Monitor currently owned by a thread: None

Heap:
 PSYoungGen      total 178688K, used 157681K [0x00000007aab00000, 0x00000007b8c80000, 0x00000007c0000000)
  eden space 176640K, 89% used [0x00000007aab00000,0x00000007b44fc478,0x00000007b5780000)
  from space 2048K, 0% used [0x00000007b5b80000,0x00000007b5b80000,0x00000007b5d80000)
  to   space 27136K, 0% used [0x00000007b7200000,0x00000007b7200000,0x00000007b8c80000)
 ParOldGen       total 100864K, used 53664K [0x0000000780000000, 0x0000000786280000, 0x00000007aab00000)
  object space 100864K, 53% used [0x0000000780000000,0x00000007834680d8,0x0000000786280000)
 Metaspace       used 62105K, capacity 67294K, committed 68352K, reserved 1107968K
  class space    used 8248K, capacity 9679K, committed 9984K, reserved 1048576K

Card table byte_map: [0x0000000111ac3000,0x0000000111cc4000] byte_map_base: 0x000000010dec3000

Marking Bits: (ParMarkBitMap*) 0x000000010164de20
 Begin Bits: [0x0000000112226000, 0x0000000113226000)
 End Bits:   [0x0000000113226000, 0x0000000114226000)

Polling page: 0x0000000101d52000

CodeCache: size=245760Kb used=40780Kb max_used=40839Kb free=204979Kb
 bounds [0x0000000102703000, 0x0000000104f43000, 0x0000000111703000]
 total_blobs=11785 nmethods=11027 adapters=668
 compilation: enabled

Compilation events (10 events):
Event: 5390.272 Thread 0x00007f86b081a800 14194       1       com.google.common.base.Splitter::access$400 (5 bytes)
Event: 5390.272 Thread 0x00007f86b081a800 nmethod 14194 0x00000001045a82d0 code [0x00000001045a8420, 0x00000001045a8510]
Event: 5390.272 Thread 0x00007f86b081a800 14196       3       org.gradle.internal.service.DefaultServiceRegistry$1::addProvider (10 bytes)
Event: 5390.273 Thread 0x00007f86b081a800 nmethod 14196 0x0000000103b8de10 code [0x0000000103b8dfa0, 0x0000000103b8e258]
Event: 5390.273 Thread 0x00007f86b0819800 nmethod 14195 0x00000001031986d0 code [0x0000000103198820, 0x00000001031988f8]
Event: 5390.279 Thread 0x00007f86b081a800 14197       3       org.gradle.logging.internal.DefaultProgressLoggerFactory$ProgressLoggerImpl::start (16 bytes)
Event: 5390.281 Thread 0x00007f86b081a800 nmethod 14197 0x00000001047fe250 code [0x00000001047fe420, 0x00000001047fea28]
Event: 5390.282 Thread 0x00007f86b080a800 14198       4       groovy.lang.MetaClassImpl::invokeMethod (14 bytes)
Event: 5390.287 Thread 0x00007f86b080a800 nmethod 14198 0x00000001045c9310 code [0x00000001045c9480, 0x00000001045c9578]
Event: 5390.292 Thread 0x00007f86b0819800 14199       4       sun.reflect.generics.parser.SignatureParser::parseZeroOrMoreTypeSignatures (174 bytes)

GC Heap History (10 events):
Event: 1957.702 GC heap before
{Heap before GC invocations=41 (full 7):
 PSYoungGen      total 203264K, used 176640K [0x00000007aab00000, 0x00000007b9300000, 0x00000007c0000000)
  eden space 176640K, 100% used [0x00000007aab00000,0x00000007b5780000,0x00000007b5780000)
  from space 26624K, 0% used [0x00000007b5780000,0x00000007b5780000,0x00000007b7180000)
  to   space 26624K, 0% used [0x00000007b7900000,0x00000007b7900000,0x00000007b9300000)
 ParOldGen       total 100864K, used 54828K [0x0000000780000000, 0x0000000786280000, 0x00000007aab00000)
  object space 100864K, 54% used [0x0000000780000000,0x000000078358b3a0,0x0000000786280000)
 Metaspace       used 61637K, capacity 66332K, committed 66560K, reserved 1105920K
  class space    used 8279K, capacity 9655K, committed 9728K, reserved 1048576K
Event: 1957.717 GC heap after
Heap after GC invocations=41 (full 7):
 PSYoungGen      total 207872K, used 4299K [0x00000007aab00000, 0x00000007b9080000, 0x00000007c0000000)
  eden space 183808K, 0% used [0x00000007aab00000,0x00000007aab00000,0x00000007b5e80000)
  from space 24064K, 17% used [0x00000007b7900000,0x00000007b7d32fc0,0x00000007b9080000)
  to   space 25600K, 0% used [0x00000007b5e80000,0x00000007b5e80000,0x00000007b7780000)
 ParOldGen       total 100864K, used 54836K [0x0000000780000000, 0x0000000786280000, 0x00000007aab00000)
  object space 100864K, 54% used [0x0000000780000000,0x000000078358d3a0,0x0000000786280000)
 Metaspace       used 61637K, capacity 66332K, committed 66560K, reserved 1105920K
  class space    used 8279K, capacity 9655K, committed 9728K, reserved 1048576K
}
Event: 1998.718 GC heap before
{Heap before GC invocations=42 (full 7):
 PSYoungGen      total 207872K, used 188107K [0x00000007aab00000, 0x00000007b9080000, 0x00000007c0000000)
  eden space 183808K, 100% used [0x00000007aab00000,0x00000007b5e80000,0x00000007b5e80000)
  from space 24064K, 17% used [0x00000007b7900000,0x00000007b7d32fc0,0x00000007b9080000)
  to   space 25600K, 0% used [0x00000007b5e80000,0x00000007b5e80000,0x00000007b7780000)
 ParOldGen       total 100864K, used 54836K [0x0000000780000000, 0x0000000786280000, 0x00000007aab00000)
  object space 100864K, 54% used [0x0000000780000000,0x000000078358d3a0,0x0000000786280000)
 Metaspace       used 62217K, capacity 67390K, committed 67456K, reserved 1107968K
  class space    used 8351K, capacity 9840K, committed 9856K, reserved 1048576K
Event: 1998.745 GC heap after
Heap after GC invocations=42 (full 7):
 PSYoungGen      total 209408K, used 4699K [0x00000007aab00000, 0x00000007b9480000, 0x00000007c0000000)
  eden space 183808K, 0% used [0x00000007aab00000,0x00000007aab00000,0x00000007b5e80000)
  from space 25600K, 18% used [0x00000007b5e80000,0x00000007b6316dd0,0x00000007b7780000)
  to   space 24576K, 0% used [0x00000007b7c80000,0x00000007b7c80000,0x00000007b9480000)
 ParOldGen       total 100864K, used 54844K [0x0000000780000000, 0x0000000786280000, 0x00000007aab00000)
  object space 100864K, 54% used [0x0000000780000000,0x000000078358f3a0,0x0000000786280000)
 Metaspace       used 62217K, capacity 67390K, committed 67456K, reserved 1107968K
  class space    used 8351K, capacity 9840K, committed 9856K, reserved 1048576K
}
Event: 2585.081 GC heap before
{Heap before GC invocations=43 (full 7):
 PSYoungGen      total 209408K, used 188507K [0x00000007aab00000, 0x00000007b9480000, 0x00000007c0000000)
  eden space 183808K, 100% used [0x00000007aab00000,0x00000007b5e80000,0x00000007b5e80000)
  from space 25600K, 18% used [0x00000007b5e80000,0x00000007b6316dd0,0x00000007b7780000)
  to   space 24576K, 0% used [0x00000007b7c80000,0x00000007b7c80000,0x00000007b9480000)
 ParOldGen       total 100864K, used 54844K [0x0000000780000000, 0x0000000786280000, 0x00000007aab00000)
  object space 100864K, 54% used [0x0000000780000000,0x000000078358f3a0,0x0000000786280000)
 Metaspace       used 62611K, capacity 68024K, committed 68096K, reserved 1107968K
  class space    used 8384K, capacity 9955K, committed 9984K, reserved 1048576K
Event: 2585.169 GC heap after
Heap after GC invocations=43 (full 7):
 PSYoungGen      total 198144K, used 21050K [0x00000007aab00000, 0x00000007b9180000, 0x00000007c0000000)
  eden space 176640K, 0% used [0x00000007aab00000,0x00000007aab00000,0x00000007b5780000)
  from space 21504K, 97% used [0x00000007b7c80000,0x00000007b910ea40,0x00000007b9180000)
  to   space 27648K, 0% used [0x00000007b5b80000,0x00000007b5b80000,0x00000007b7680000)
 ParOldGen       total 100864K, used 54852K [0x0000000780000000, 0x0000000786280000, 0x00000007aab00000)
  object space 100864K, 54% used [0x0000000780000000,0x00000007835913a0,0x0000000786280000)
 Metaspace       used 62611K, capacity 68024K, committed 68096K, reserved 1107968K
  class space    used 8384K, capacity 9955K, committed 9984K, reserved 1048576K
}
Event: 2589.236 GC heap before
{Heap before GC invocations=44 (full 7):
 PSYoungGen      total 198144K, used 62280K [0x00000007aab00000, 0x00000007b9180000, 0x00000007c0000000)
  eden space 176640K, 23% used [0x00000007aab00000,0x00000007ad343728,0x00000007b5780000)
  from space 21504K, 97% used [0x00000007b7c80000,0x00000007b910ea40,0x00000007b9180000)
  to   space 27648K, 0% used [0x00000007b5b80000,0x00000007b5b80000,0x00000007b7680000)
 ParOldGen       total 100864K, used 54852K [0x0000000780000000, 0x0000000786280000, 0x00000007aab00000)
  object space 100864K, 54% used [0x0000000780000000,0x00000007835913a0,0x0000000786280000)
 Metaspace       used 62661K, capacity 68094K, committed 68352K, reserved 1107968K
  class space    used 8386K, capacity 9956K, committed 9984K, reserved 1048576K
Event: 2589.240 GC heap after
Heap after GC invocations=44 (full 7):
 PSYoungGen      total 178688K, used 1696K [0x00000007aab00000, 0x00000007b8c80000, 0x00000007c0000000)
  eden space 176640K, 0% used [0x00000007aab00000,0x00000007aab00000,0x00000007b5780000)
  from space 2048K, 82% used [0x00000007b5b80000,0x00000007b5d28020,0x00000007b5d80000)
  to   space 27136K, 0% used [0x00000007b7200000,0x00000007b7200000,0x00000007b8c80000)
 ParOldGen       total 100864K, used 54860K [0x0000000780000000, 0x0000000786280000, 0x00000007aab00000)
  object space 100864K, 54% used [0x0000000780000000,0x00000007835933a0,0x0000000786280000)
 Metaspace       used 62661K, capacity 68094K, committed 68352K, reserved 1107968K
  class space    used 8386K, capacity 9956K, committed 9984K, reserved 1048576K
}
Event: 2589.240 GC heap before
{Heap before GC invocations=45 (full 8):
 PSYoungGen      total 178688K, used 1696K [0x00000007aab00000, 0x00000007b8c80000, 0x00000007c0000000)
  eden space 176640K, 0% used [0x00000007aab00000,0x00000007aab00000,0x00000007b5780000)
  from space 2048K, 82% used [0x00000007b5b80000,0x00000007b5d28020,0x00000007b5d80000)
  to   space 27136K, 0% used [0x00000007b7200000,0x00000007b7200000,0x00000007b8c80000)
 ParOldGen       total 100864K, used 54860K [0x0000000780000000, 0x0000000786280000, 0x00000007aab00000)
  object space 100864K, 54% used [0x0000000780000000,0x00000007835933a0,0x0000000786280000)
 Metaspace       used 62661K, capacity 68094K, committed 68352K, reserved 1107968K
  class space    used 8386K, capacity 9956K, committed 9984K, reserved 1048576K
Event: 2589.940 GC heap after
Heap after GC invocations=45 (full 8):
 PSYoungGen      total 178688K, used 0K [0x00000007aab00000, 0x00000007b8c80000, 0x00000007c0000000)
  eden space 176640K, 0% used [0x00000007aab00000,0x00000007aab00000,0x00000007b5780000)
  from space 2048K, 0% used [0x00000007b5b80000,0x00000007b5b80000,0x00000007b5d80000)
  to   space 27136K, 0% used [0x00000007b7200000,0x00000007b7200000,0x00000007b8c80000)
 ParOldGen       total 100864K, used 53664K [0x0000000780000000, 0x0000000786280000, 0x00000007aab00000)
  object space 100864K, 53% used [0x0000000780000000,0x00000007834680d8,0x0000000786280000)
 Metaspace       used 61561K, capacity 66140K, committed 68352K, reserved 1107968K
  class space    used 8175K, capacity 9470K, committed 9984K, reserved 1048576K
}

Deoptimization events (10 events):
Event: 1954.220 Thread 0x00007f86b42ae800 Uncommon trap: reason=unstable_if action=reinterpret pc=0x0000000104a21d44 method=com.sun.tools.javac.processing.JavacRoundEnvironment$AnnotationSetScanner.scan(Ljavax/lang/model/element/Element;Ljavax/lang/model/element/TypeElement;)Ljava/util/Set; @ 65
Event: 1954.521 Thread 0x00007f86b42ae800 Uncommon trap: reason=unstable_if action=reinterpret pc=0x0000000103f776a8 method=com.sun.tools.javac.util.Convert.chars2utf([CI[BII)I @ 35
Event: 1957.744 Thread 0x00007f86b42ae800 Uncommon trap: reason=unstable_if action=reinterpret pc=0x0000000104084e4c method=sun.security.provider.DigestBase.engineUpdate(B)V @ 4
Event: 1958.340 Thread 0x00007f86b42ae800 Uncommon trap: reason=unstable_if action=reinterpret pc=0x0000000103f35c54 method=sun.security.provider.DigestBase.engineUpdate(B)V @ 4
Event: 1997.550 Thread 0x00007f86b42ae800 Uncommon trap: reason=null_check action=make_not_entrant pc=0x0000000104bac8b8 method=java.lang.Class.isEnum()Z @ 1
Event: 1997.664 Thread 0x00007f86b42ae800 Uncommon trap: reason=null_check action=make_not_entrant pc=0x0000000104bd59b8 method=org.codehaus.groovy.runtime.typehandling.DefaultTypeTransformation.castToType(Ljava/lang/Object;Ljava/lang/Class;)Ljava/lang/Object; @ 65
Event: 2002.503 Thread 0x00007f86b42ae800 Uncommon trap: reason=unstable_if action=reinterpret pc=0x00000001048d78e0 method=sun.security.provider.DigestBase.engineUpdate(B)V @ 4
Event: 2585.286 Thread 0x00007f86b1f30000 Uncommon trap: reason=unstable_if action=reinterpret pc=0x00000001047d708c method=com.sun.tools.javac.jvm.ClassReader.readMethod()Lcom/sun/tools/javac/code/Symbol$MethodSymbol; @ 46
Event: 2585.288 Thread 0x00007f86b1f30000 Uncommon trap: reason=bimorphic action=maybe_recompile pc=0x0000000102c40364 method=com.sun.tools.javac.code.Types$18.visitClassType(Lcom/sun/tools/javac/code/Type$ClassType;Ljava/lang/Void;)Lcom/sun/tools/javac/code/Type; @ 19
Event: 5390.301 Thread 0x00007f86b4fc6800 Uncommon trap: reason=uninitialized action=reinterpret pc=0x0000000104cd8328 method=org.gradle.internal.reflect.JavaMethod.invoke(Ljava/lang/Object;[Ljava/lang/Object;)Ljava/lang/Object; @ 21

Internal exceptions (10 events):
Event: 2002.503 Thread 0x00007f86b42ae800 Implicit null exception at 0x00000001048d70e3 to 0x00000001048d78cd
Event: 2581.197 Thread 0x00007f86b1f30000 Exception <a 'java/lang/ClassNotFoundException': asLocalRepo8_q3igb8j1bs7vj1qohfklats3BeanInfo> (0x00000007aca04048) thrown at [/Users/java_re/workspace/8-2-build-macosx-x86_64/jdk8u65/4987/hotspot/src/share/vm/classfile/systemDictionary.cpp, line 210]
Event: 2581.198 Thread 0x00007f86b1f30000 Exception <a 'java/lang/ClassNotFoundException': asLocalRepo8_q3igb8j1bs7vj1qohfklats3Customizer> (0x00000007aca0d858) thrown at [/Users/java_re/workspace/8-2-build-macosx-x86_64/jdk8u65/4987/hotspot/src/share/vm/classfile/systemDictionary.cpp, line 210]
Event: 2658.664 Thread 0x00007f86b25a9000 Exception <a 'java/lang/ClassNotFoundException': asLocalRepo9_99vxnfbr953h8221wv6d4o526BeanInfo> (0x00000007abd6d160) thrown at [/Users/java_re/workspace/8-2-build-macosx-x86_64/jdk8u65/4987/hotspot/src/share/vm/classfile/systemDictionary.cpp, line 210]
Event: 2658.665 Thread 0x00007f86b25a9000 Exception <a 'java/lang/ClassNotFoundException': asLocalRepo9_99vxnfbr953h8221wv6d4o526Customizer> (0x00000007abd76b38) thrown at [/Users/java_re/workspace/8-2-build-macosx-x86_64/jdk8u65/4987/hotspot/src/share/vm/classfile/systemDictionary.cpp, line 210]
Event: 5389.612 Thread 0x00007f86b4fc6800 Exception <a 'java/util/zip/ZipException'> (0x00000007b33760c0) thrown at [/Users/java_re/workspace/8-2-build-macosx-x86_64/jdk8u65/4987/hotspot/src/share/vm/prims/jni.cpp, line 709]
Event: 5390.230 Thread 0x00007f86b4fc6800 Exception <a 'java/lang/ClassNotFoundException': asLocalRepo0_cgyxw57txr3gv34s151gs9ak8BeanInfo> (0x00000007b43bc4f0) thrown at [/Users/java_re/workspace/8-2-build-macosx-x86_64/jdk8u65/4987/hotspot/src/share/vm/classfile/systemDictionary.cpp, line 210]
Event: 5390.230 Thread 0x00007f86b4fc6800 Exception <a 'java/lang/ClassNotFoundException': asLocalRepo0_cgyxw57txr3gv34s151gs9ak8Customizer> (0x00000007b43c4d98) thrown at [/Users/java_re/workspace/8-2-build-macosx-x86_64/jdk8u65/4987/hotspot/src/share/vm/classfile/systemDictionary.cpp, line 210]
Event: 5390.298 Thread 0x00007f86b4fc6800 Exception <a 'java/util/zip/ZipException'> (0x00000007b44ebdd0) thrown at [/Users/java_re/workspace/8-2-build-macosx-x86_64/jdk8u65/4987/hotspot/src/share/vm/prims/jni.cpp, line 709]
Event: 5390.300 Thread 0x00007f86b4fc6800 Exception <a 'java/lang/reflect/InvocationTargetException'> (0x00000007b44edc10) thrown at [/Users/java_re/workspace/8-2-build-macosx-x86_64/jdk8u65/4987/hotspot/src/share/vm/runtime/reflection.cpp, line 1092]

Events (10 events):
Event: 5390.280 loading class groovy/runtime/metaclass/asLocalRepo0_cgyxw57txr3gv34s151gs9ak8$_run_closure1_closure2MetaClass done
Event: 5390.284 loading class groovy/runtime/metaclass/asLocalRepo0_cgyxw57txr3gv34s151gs9ak8$_run_closure1_closure2_closure3MetaClass
Event: 5390.284 loading class groovy/runtime/metaclass/asLocalRepo0_cgyxw57txr3gv34s151gs9ak8$_run_closure1_closure2_closure3MetaClass done
Event: 5390.291 loading class groovy/runtime/metaclass/asLocalRepo0_cgyxw57txr3gv34s151gs9ak8$_run_closure1_closure2_closure3_closure4MetaClass
Event: 5390.291 loading class groovy/runtime/metaclass/asLocalRepo0_cgyxw57txr3gv34s151gs9ak8$_run_closure1_closure2_closure3_closure4MetaClass done
Event: 5390.301 Thread 0x00007f86b4fc6800 Uncommon trap: trap_request=0xffffffb5 fr.pc=0x0000000104cd8328
Event: 5390.301 Thread 0x00007f86b4fc6800 DEOPT PACKING pc=0x0000000104cd8328 sp=0x00000001192b4060
Event: 5390.301 Thread 0x00007f86b4fc6800 DEOPT UNPACKING pc=0x0000000102708229 sp=0x00000001192b4038 mode 2
Event: 5390.307 loading class org/gradle/internal/exceptions/Contextual
Event: 5390.307 loading class org/gradle/internal/exceptions/Contextual done


Dynamic libraries:
0x0000000001d63000 	/System/Library/Frameworks/Cocoa.framework/Versions/A/Cocoa
0x0000000001d63000 	/System/Library/Frameworks/Security.framework/Versions/A/Security
0x0000000001d63000 	/System/Library/Frameworks/ApplicationServices.framework/Versions/A/ApplicationServices
0x0000000001d63000 	/usr/lib/libz.1.dylib
0x0000000001d63000 	/usr/lib/libSystem.B.dylib
0x0000000001d63000 	/usr/lib/libobjc.A.dylib
0x0000000001d63000 	/System/Library/Frameworks/CoreFoundation.framework/Versions/A/CoreFoundation
0x0000000001d63000 	/System/Library/Frameworks/Foundation.framework/Versions/C/Foundation
0x0000000001d63000 	/System/Library/Frameworks/AppKit.framework/Versions/C/AppKit
0x0000000001d63000 	/System/Library/Frameworks/CoreData.framework/Versions/A/CoreData
0x0000000001d63000 	/System/Library/PrivateFrameworks/RemoteViewServices.framework/Versions/A/RemoteViewServices
0x0000000001d63000 	/System/Library/PrivateFrameworks/UIFoundation.framework/Versions/A/UIFoundation
0x0000000001d63000 	/System/Library/Frameworks/IOSurface.framework/Versions/A/IOSurface
0x0000000001d63000 	/System/Library/Frameworks/AudioToolbox.framework/Versions/A/AudioToolbox
0x0000000001d63000 	/System/Library/Frameworks/AudioUnit.framework/Versions/A/AudioUnit
0x0000000001d63000 	/System/Library/PrivateFrameworks/DataDetectorsCore.framework/Versions/A/DataDetectorsCore
0x0000000001d63000 	/System/Library/PrivateFrameworks/DesktopServicesPriv.framework/Versions/A/DesktopServicesPriv
0x0000000001d63000 	/System/Library/Frameworks/Carbon.framework/Versions/A/Frameworks/HIToolbox.framework/Versions/A/HIToolbox
0x0000000001d63000 	/System/Library/Frameworks/QuartzCore.framework/Versions/A/QuartzCore
0x0000000001d63000 	/System/Library/Frameworks/Carbon.framework/Versions/A/Frameworks/SpeechRecognition.framework/Versions/A/SpeechRecognition
0x0000000001d63000 	/usr/lib/libauto.dylib
0x0000000001d63000 	/usr/lib/libicucore.A.dylib
0x0000000001d63000 	/usr/lib/libxml2.2.dylib
0x0000000001d63000 	/System/Library/PrivateFrameworks/CoreUI.framework/Versions/A/CoreUI
0x0000000001d63000 	/System/Library/Frameworks/CoreAudio.framework/Versions/A/CoreAudio
0x0000000001d63000 	/System/Library/Frameworks/DiskArbitration.framework/Versions/A/DiskArbitration
0x0000000001d63000 	/usr/lib/liblangid.dylib
0x0000000001d63000 	/System/Library/PrivateFrameworks/MultitouchSupport.framework/Versions/A/MultitouchSupport
0x0000000001d63000 	/System/Library/Frameworks/IOKit.framework/Versions/A/IOKit
0x0000000001d63000 	/usr/lib/libDiagnosticMessagesClient.dylib
0x0000000001d63000 	/System/Library/Frameworks/CoreServices.framework/Versions/A/CoreServices
0x0000000001d63000 	/System/Library/PrivateFrameworks/PerformanceAnalysis.framework/Versions/A/PerformanceAnalysis
0x0000000001d63000 	/System/Library/PrivateFrameworks/GenerationalStorage.framework/Versions/A/GenerationalStorage
0x0000000001d63000 	/System/Library/Frameworks/OpenGL.framework/Versions/A/OpenGL
0x0000000001d63000 	/System/Library/PrivateFrameworks/Sharing.framework/Versions/A/Sharing
0x0000000001d63000 	/System/Library/Frameworks/CoreGraphics.framework/Versions/A/CoreGraphics
0x0000000001d63000 	/System/Library/Frameworks/CoreText.framework/Versions/A/CoreText
0x0000000001d63000 	/System/Library/Frameworks/ImageIO.framework/Versions/A/ImageIO
0x0000000001d63000 	/usr/lib/libextension.dylib
0x0000000001d63000 	/System/Library/PrivateFrameworks/Backup.framework/Versions/A/Backup
0x0000000001d63000 	/usr/lib/libarchive.2.dylib
0x0000000001d63000 	/System/Library/Frameworks/CFNetwork.framework/Versions/A/CFNetwork
0x0000000001d63000 	/System/Library/Frameworks/SystemConfiguration.framework/Versions/A/SystemConfiguration
0x0000000001d63000 	/usr/lib/libCRFSuite.dylib
0x0000000001d63000 	/usr/lib/libc++.1.dylib
0x0000000001d63000 	/usr/lib/libc++abi.dylib
0x0000000001d63000 	/usr/lib/system/libcache.dylib
0x0000000001d63000 	/usr/lib/system/libcommonCrypto.dylib
0x0000000001d63000 	/usr/lib/system/libcompiler_rt.dylib
0x0000000001d63000 	/usr/lib/system/libcopyfile.dylib
0x0000000001d63000 	/usr/lib/system/libcorecrypto.dylib
0x0000000001d63000 	/usr/lib/system/libdispatch.dylib
0x0000000001d63000 	/usr/lib/system/libdyld.dylib
0x0000000001d63000 	/usr/lib/system/libkeymgr.dylib
0x0000000001d63000 	/usr/lib/system/liblaunch.dylib
0x0000000001d63000 	/usr/lib/system/libmacho.dylib
0x0000000001d63000 	/usr/lib/system/libquarantine.dylib
0x0000000001d63000 	/usr/lib/system/libremovefile.dylib
0x0000000001d63000 	/usr/lib/system/libsystem_asl.dylib
0x0000000001d63000 	/usr/lib/system/libsystem_blocks.dylib
0x0000000001d63000 	/usr/lib/system/libsystem_c.dylib
0x0000000001d63000 	/usr/lib/system/libsystem_configuration.dylib
0x0000000001d63000 	/usr/lib/system/libsystem_coreservices.dylib
0x0000000001d63000 	/usr/lib/system/libsystem_coretls.dylib
0x0000000001d63000 	/usr/lib/system/libsystem_dnssd.dylib
0x0000000001d63000 	/usr/lib/system/libsystem_info.dylib
0x0000000001d63000 	/usr/lib/system/libsystem_kernel.dylib
0x0000000001d63000 	/usr/lib/system/libsystem_m.dylib
0x0000000001d63000 	/usr/lib/system/libsystem_malloc.dylib
0x0000000001d63000 	/usr/lib/system/libsystem_network.dylib
0x0000000001d63000 	/usr/lib/system/libsystem_networkextension.dylib
0x0000000001d63000 	/usr/lib/system/libsystem_notify.dylib
0x0000000001d63000 	/usr/lib/system/libsystem_platform.dylib
0x0000000001d63000 	/usr/lib/system/libsystem_pthread.dylib
0x0000000001d63000 	/usr/lib/system/libsystem_sandbox.dylib
0x0000000001d63000 	/usr/lib/system/libsystem_secinit.dylib
0x0000000001d63000 	/usr/lib/system/libsystem_stats.dylib
0x0000000001d63000 	/usr/lib/system/libsystem_trace.dylib
0x0000000001d63000 	/usr/lib/system/libunc.dylib
0x0000000001d63000 	/usr/lib/system/libunwind.dylib
0x0000000001d63000 	/usr/lib/system/libxpc.dylib
0x0000000001d63000 	/usr/lib/libbz2.1.0.dylib
0x0000000001d63000 	/usr/lib/liblzma.5.dylib
0x0000000001d63000 	/usr/lib/libbsm.0.dylib
0x0000000001d63000 	/usr/lib/libsqlite3.dylib
0x0000000001d63000 	/usr/lib/system/libkxld.dylib
0x0000000001d63000 	/usr/lib/libxar.1.dylib
0x0000000001d63000 	/usr/lib/libpam.2.dylib
0x0000000001d63000 	/usr/lib/libOpenScriptingUtil.dylib
0x0000000001d63000 	/System/Library/Frameworks/CoreServices.framework/Versions/A/Frameworks/FSEvents.framework/Versions/A/FSEvents
0x0000000001d63000 	/System/Library/Frameworks/CoreServices.framework/Versions/A/Frameworks/CarbonCore.framework/Versions/A/CarbonCore
0x0000000001d63000 	/System/Library/Frameworks/CoreServices.framework/Versions/A/Frameworks/Metadata.framework/Versions/A/Metadata
0x0000000001d63000 	/System/Library/Frameworks/CoreServices.framework/Versions/A/Frameworks/OSServices.framework/Versions/A/OSServices
0x0000000001d63000 	/System/Library/Frameworks/CoreServices.framework/Versions/A/Frameworks/SearchKit.framework/Versions/A/SearchKit
0x0000000001d63000 	/System/Library/Frameworks/CoreServices.framework/Versions/A/Frameworks/AE.framework/Versions/A/AE
0x0000000001d63000 	/System/Library/Frameworks/CoreServices.framework/Versions/A/Frameworks/LaunchServices.framework/Versions/A/LaunchServices
0x0000000001d63000 	/System/Library/Frameworks/CoreServices.framework/Versions/A/Frameworks/DictionaryServices.framework/Versions/A/DictionaryServices
0x0000000001d63000 	/System/Library/Frameworks/NetFS.framework/Versions/A/NetFS
0x0000000001d63000 	/System/Library/PrivateFrameworks/NetAuth.framework/Versions/A/NetAuth
0x0000000001d63000 	/System/Library/PrivateFrameworks/login.framework/Versions/A/Frameworks/loginsupport.framework/Versions/A/loginsupport
0x0000000001d63000 	/System/Library/PrivateFrameworks/TCC.framework/Versions/A/TCC
0x0000000001d63000 	/usr/lib/libmecabra.dylib
0x0000000001d63000 	/System/Library/Frameworks/ApplicationServices.framework/Versions/A/Frameworks/ATS.framework/Versions/A/ATS
0x0000000001d63000 	/System/Library/Frameworks/ApplicationServices.framework/Versions/A/Frameworks/ColorSync.framework/Versions/A/ColorSync
0x0000000001d63000 	/System/Library/Frameworks/ApplicationServices.framework/Versions/A/Frameworks/HIServices.framework/Versions/A/HIServices
0x0000000001d63000 	/System/Library/Frameworks/ApplicationServices.framework/Versions/A/Frameworks/LangAnalysis.framework/Versions/A/LangAnalysis
0x0000000001d63000 	/System/Library/Frameworks/ApplicationServices.framework/Versions/A/Frameworks/PrintCore.framework/Versions/A/PrintCore
0x0000000001d63000 	/System/Library/Frameworks/ApplicationServices.framework/Versions/A/Frameworks/QD.framework/Versions/A/QD
0x0000000001d63000 	/System/Library/Frameworks/ApplicationServices.framework/Versions/A/Frameworks/SpeechSynthesis.framework/Versions/A/SpeechSynthesis
0x0000000001d63000 	/System/Library/Frameworks/Accelerate.framework/Versions/A/Accelerate
0x0000000001d63000 	/System/Library/Frameworks/Accelerate.framework/Versions/A/Frameworks/vImage.framework/Versions/A/vImage
0x0000000001d63000 	/System/Library/Frameworks/Accelerate.framework/Versions/A/Frameworks/vecLib.framework/Versions/A/vecLib
0x0000000001d63000 	/System/Library/Frameworks/Accelerate.framework/Versions/A/Frameworks/vecLib.framework/Versions/A/libvDSP.dylib
0x0000000001d63000 	/System/Library/Frameworks/Accelerate.framework/Versions/A/Frameworks/vecLib.framework/Versions/A/libvMisc.dylib
0x0000000001d63000 	/System/Library/Frameworks/Accelerate.framework/Versions/A/Frameworks/vecLib.framework/Versions/A/libLAPACK.dylib
0x0000000001d63000 	/System/Library/Frameworks/Accelerate.framework/Versions/A/Frameworks/vecLib.framework/Versions/A/libBLAS.dylib
0x0000000001d63000 	/System/Library/Frameworks/Accelerate.framework/Versions/A/Frameworks/vecLib.framework/Versions/A/libLinearAlgebra.dylib
0x0000000001d63000 	/System/Library/Frameworks/ApplicationServices.framework/Versions/A/Frameworks/ATS.framework/Versions/A/Resources/libFontParser.dylib
0x0000000001d63000 	/System/Library/Frameworks/ApplicationServices.framework/Versions/A/Frameworks/ATS.framework/Versions/A/Resources/libFontRegistry.dylib
0x0000000001d63000 	/System/Library/PrivateFrameworks/AppleVPA.framework/Versions/A/AppleVPA
0x0000000001d63000 	/System/Library/PrivateFrameworks/AppleJPEG.framework/Versions/A/AppleJPEG
0x0000000001d63000 	/System/Library/Frameworks/ImageIO.framework/Versions/A/Resources/libJPEG.dylib
0x0000000001d63000 	/System/Library/Frameworks/ImageIO.framework/Versions/A/Resources/libTIFF.dylib
0x0000000001d63000 	/System/Library/Frameworks/ImageIO.framework/Versions/A/Resources/libPng.dylib
0x0000000001d63000 	/System/Library/Frameworks/ImageIO.framework/Versions/A/Resources/libGIF.dylib
0x0000000001d63000 	/System/Library/Frameworks/ImageIO.framework/Versions/A/Resources/libJP2.dylib
0x0000000001d63000 	/System/Library/Frameworks/ImageIO.framework/Versions/A/Resources/libRadiance.dylib
0x0000000001d63000 	/System/Library/Frameworks/CoreVideo.framework/Versions/A/CoreVideo
0x0000000001d63000 	/System/Library/Frameworks/OpenGL.framework/Versions/A/Libraries/libGLU.dylib
0x0000000001d63000 	/System/Library/Frameworks/OpenGL.framework/Versions/A/Libraries/libGFXShared.dylib
0x0000000001d63000 	/System/Library/Frameworks/OpenGL.framework/Versions/A/Libraries/libGL.dylib
0x0000000001d63000 	/System/Library/Frameworks/OpenGL.framework/Versions/A/Libraries/libGLImage.dylib
0x0000000001d63000 	/System/Library/Frameworks/OpenGL.framework/Versions/A/Libraries/libCVMSPluginSupport.dylib
0x0000000001d63000 	/System/Library/Frameworks/OpenGL.framework/Versions/A/Libraries/libCoreVMClient.dylib
0x0000000001d63000 	/usr/lib/libcups.2.dylib
0x0000000001d63000 	/System/Library/Frameworks/Kerberos.framework/Versions/A/Kerberos
0x0000000001d63000 	/System/Library/Frameworks/GSS.framework/Versions/A/GSS
0x0000000001d63000 	/usr/lib/libresolv.9.dylib
0x0000000001d63000 	/usr/lib/libiconv.2.dylib
0x0000000001d63000 	/System/Library/PrivateFrameworks/Heimdal.framework/Versions/A/Heimdal
0x0000000001d63000 	/usr/lib/libheimdal-asn1.dylib
0x0000000001d63000 	/System/Library/Frameworks/OpenDirectory.framework/Versions/A/OpenDirectory
0x0000000001d63000 	/System/Library/PrivateFrameworks/CommonAuth.framework/Versions/A/CommonAuth
0x0000000001d63000 	/System/Library/Frameworks/OpenDirectory.framework/Versions/A/Frameworks/CFOpenDirectory.framework/Versions/A/CFOpenDirectory
0x0000000001d63000 	/System/Library/Frameworks/SecurityFoundation.framework/Versions/A/SecurityFoundation
0x0000000001d63000 	/System/Library/PrivateFrameworks/LanguageModeling.framework/Versions/A/LanguageModeling
0x0000000001d63000 	/usr/lib/libcmph.dylib
0x0000000001d63000 	/System/Library/Frameworks/ServiceManagement.framework/Versions/A/ServiceManagement
0x0000000001d63000 	/usr/lib/libxslt.1.dylib
0x0000000001d63000 	/System/Library/Frameworks/Carbon.framework/Versions/A/Frameworks/Ink.framework/Versions/A/Ink
0x0000000001d63000 	/System/Library/Frameworks/QuartzCore.framework/Versions/A/Frameworks/CoreImage.framework/Versions/A/CoreImage
0x0000000001d63000 	/System/Library/PrivateFrameworks/CrashReporterSupport.framework/Versions/A/CrashReporterSupport
0x0000000001d63000 	/System/Library/Frameworks/OpenCL.framework/Versions/A/OpenCL
0x0000000001d63000 	/System/Library/PrivateFrameworks/FaceCore.framework/Versions/A/FaceCore
0x0000000001d63000 	/System/Library/PrivateFrameworks/Ubiquity.framework/Versions/A/Ubiquity
0x0000000001d63000 	/System/Library/PrivateFrameworks/IconServices.framework/Versions/A/IconServices
0x0000000001d63000 	/System/Library/PrivateFrameworks/ChunkingLibrary.framework/Versions/A/ChunkingLibrary
0x0000000001d63000 	/System/Library/PrivateFrameworks/Apple80211.framework/Versions/A/Apple80211
0x0000000001d63000 	/System/Library/Frameworks/CoreWLAN.framework/Versions/A/CoreWLAN
0x0000000001d63000 	/System/Library/Frameworks/IOBluetooth.framework/Versions/A/IOBluetooth
0x0000000001d63000 	/System/Library/PrivateFrameworks/CoreWiFi.framework/Versions/A/CoreWiFi
0x0000000001d63000 	/System/Library/Frameworks/CoreBluetooth.framework/Versions/A/CoreBluetooth
0x0000000001d63000 	/System/Library/PrivateFrameworks/DebugSymbols.framework/Versions/A/DebugSymbols
0x0000000001d63000 	/System/Library/PrivateFrameworks/CoreSymbolication.framework/Versions/A/CoreSymbolication
0x0000000001d63000 	/System/Library/PrivateFrameworks/Symbolication.framework/Versions/A/Symbolication
0x0000000001d63000 	/System/Library/PrivateFrameworks/SpeechRecognitionCore.framework/Versions/A/SpeechRecognitionCore
0x0000000100d6f000 	/Library/Java/JavaVirtualMachines/jdk1.8.0_65.jdk/Contents/Home/jre/lib/server/libjvm.dylib
0x0000000001d63000 	/usr/lib/libstdc++.6.dylib
0x0000000101d0f000 	/Library/Java/JavaVirtualMachines/jdk1.8.0_65.jdk/Contents/Home/jre/lib/libverify.dylib
0x0000000101d1d000 	/Library/Java/JavaVirtualMachines/jdk1.8.0_65.jdk/Contents/Home/jre/lib/libjava.dylib
0x0000000101d5c000 	/Library/Java/JavaVirtualMachines/jdk1.8.0_65.jdk/Contents/Home/jre/lib/libzip.dylib
0x000000011617a000 	/System/Library/Frameworks/JavaVM.framework/Frameworks/JavaRuntimeSupport.framework/JavaRuntimeSupport
0x0000000116190000 	/System/Library/Frameworks/JavaVM.framework/Versions/A/Frameworks/JavaNativeFoundation.framework/Versions/A/JavaNativeFoundation
0x00000001161a4000 	/System/Library/Frameworks/JavaVM.framework/Versions/A/JavaVM
0x0000000001d63000 	/System/Library/Frameworks/Carbon.framework/Versions/A/Carbon
0x00000001161b0000 	/System/Library/PrivateFrameworks/JavaLaunching.framework/Versions/A/JavaLaunching
0x0000000001d63000 	/System/Library/Frameworks/Carbon.framework/Versions/A/Frameworks/CommonPanels.framework/Versions/A/CommonPanels
0x0000000001d63000 	/System/Library/Frameworks/Carbon.framework/Versions/A/Frameworks/Help.framework/Versions/A/Help
0x0000000001d63000 	/System/Library/Frameworks/Carbon.framework/Versions/A/Frameworks/ImageCapture.framework/Versions/A/ImageCapture
0x0000000001d63000 	/System/Library/Frameworks/Carbon.framework/Versions/A/Frameworks/OpenScripting.framework/Versions/A/OpenScripting
0x0000000001d63000 	/System/Library/Frameworks/Carbon.framework/Versions/A/Frameworks/Print.framework/Versions/A/Print
0x0000000001d63000 	/System/Library/Frameworks/Carbon.framework/Versions/A/Frameworks/SecurityHI.framework/Versions/A/SecurityHI
0x000000011816a000 	/Library/Java/JavaVirtualMachines/jdk1.8.0_65.jdk/Contents/Home/jre/lib/libnet.dylib
0x00000001181c9000 	/Library/Java/JavaVirtualMachines/jdk1.8.0_65.jdk/Contents/Home/jre/lib/libnio.dylib
0x00000001181d9000 	/Users/Mayra/.gradle/native/19/osx-amd64/libnative-platform.dylib
0x00000001161e7000 	/Library/Java/JavaVirtualMachines/jdk1.8.0_65.jdk/Contents/Home/jre/lib/libmanagement.dylib
0x00000001183ad000 	/Library/Java/JavaVirtualMachines/jdk1.8.0_65.jdk/Contents/Home/jre/lib/libsunec.dylib

VM Arguments:
jvm_args: -XX:MaxPermSize=256m -XX:+HeapDumpOnOutOfMemoryError -Xmx1024m -Dfile.encoding=UTF-8 -Duser.country=ES -Duser.language=es -Duser.variant 
java_command: org.gradle.launcher.daemon.bootstrap.GradleDaemon 2.4 /Users/Mayra/.gradle /Users/Mayra/.gradle/daemon 10800000 8fce7a07-e36a-4ec0-853b-19266afec57a -XX:MaxPermSize=256m -XX:+HeapDumpOnOutOfMemoryError -Xmx1024m -Dfile.encoding=UTF-8 -Duser.country=ES -Duser.language=es -Duser.variant
java_class_path (initial): /Volumes/Android Studio 1.4/Android Studio.app/Contents/gradle/gradle-2.4/lib/gradle-launcher-2.4.jar
Launcher Type: SUN_STANDARD

Environment Variables:
PATH=/usr/bin:/bin:/usr/sbin:/sbin
SHELL=/bin/bash

Signal Handlers:
SIGSEGV: [libjvm.dylib+0x5a6d31], sa_mask[0]=11111111011111110111111111111111, sa_flags=SA_ONSTACK|SA_RESTART|SA_SIGINFO
SIGBUS: [libjvm.dylib+0x5a6d31], sa_mask[0]=11111111011111110111111111111111, sa_flags=SA_RESTART|SA_SIGINFO
SIGFPE: [libjvm.dylib+0x480a40], sa_mask[0]=11111111011111110111111111111111, sa_flags=SA_RESTART|SA_SIGINFO
SIGPIPE: [libjvm.dylib+0x480a40], sa_mask[0]=11111111011111110111111111111111, sa_flags=SA_RESTART|SA_SIGINFO
SIGXFSZ: [libjvm.dylib+0x480a40], sa_mask[0]=11111111011111110111111111111111, sa_flags=SA_RESTART|SA_SIGINFO
SIGILL: [libjvm.dylib+0x480a40], sa_mask[0]=11111111011111110111111111111111, sa_flags=SA_RESTART|SA_SIGINFO
SIGUSR1: SIG_DFL, sa_mask[0]=00000000000000000000000000000000, sa_flags=none
SIGUSR2: [libjvm.dylib+0x48055e], sa_mask[0]=00100000000000000000000000000000, sa_flags=SA_RESTART|SA_SIGINFO
SIGHUP: [libjvm.dylib+0x47eb35], sa_mask[0]=11111111011111110111111111111111, sa_flags=SA_RESTART|SA_SIGINFO
SIGINT: [libjvm.dylib+0x47eb35], sa_mask[0]=11111111011111110111111111111111, sa_flags=SA_RESTART|SA_SIGINFO
SIGTERM: [libjvm.dylib+0x47eb35], sa_mask[0]=11111111011111110111111111111111, sa_flags=SA_RESTART|SA_SIGINFO
SIGQUIT: [libjvm.dylib+0x47eb35], sa_mask[0]=11111111011111110111111111111111, sa_flags=SA_RESTART|SA_SIGINFO


---------------  S Y S T E M  ---------------

OS:Bsduname:Darwin 14.1.0 Darwin Kernel Version 14.1.0: Mon Dec 22 23:10:38 PST 2014; root:xnu-2782.10.72~2/RELEASE_X86_64 x86_64
rlimit: STACK 8192k, CORE 0k, NPROC 709, NOFILE 10240, AS infinity
load average:2.65 2.35 2.34

CPU:total 4 (2 cores per cpu, 2 threads per core) family 6 model 58 stepping 9, cmov, cx8, fxsr, mmx, sse, sse2, sse3, ssse3, sse4.1, sse4.2, popcnt, avx, aes, clmul, erms, ht, tsc, tscinvbit, tscinv

Memory: 4k page, physical 4194304k(21020k free)

/proc/meminfo:


vm_info: Java HotSpot(TM) 64-Bit Server VM (25.65-b01) for bsd-amd64 JRE (1.8.0_65-b17), built on Oct  6 2015 15:36:46 by "java_re" with gcc 4.2.1 (Based on Apple Inc. build 5658) (LLVM build 2336.11.00)

time: Tue Oct 27 16:40:01 2015
elapsed time: 5390 seconds (0d 1h 29m 50s)

